This is pdfTeX, Version 3.14159265-2.6-1.40.17 (TeX Live 2016/Debian) (preloaded format=pdflatex 2018.2.15)  24 MAR 2018 22:46
entering extended mode
 restricted \write18 enabled.
 %&-line parsing enabled.
**publication.tex
(./publication.tex
LaTeX2e <2017/01/01> patch level 3
Babel <3.9r> and hyphenation patterns for 5 language(s) loaded.
(./acmtog.cls
Document Class: acmtog 2012/03/07
(/usr/share/texlive/texmf-dist/tex/latex/base/latexsym.sty
Package: latexsym 1998/08/17 v2.2e Standard LaTeX package (lasy symbols)
\symlasy=\mathgroup4
LaTeX Font Info:    Overwriting symbol font `lasy' in version `bold'
(Font)                  U/lasy/m/n --> U/lasy/b/n on input line 52.
) (./url.sty
\Urlmuskip=\muskip10
Package: url 2006/04/12  ver 3.3  Verb mode for urls, etc.
)
\trimheight=\dimen102
\trimwidth=\dimen103
\typeheight=\dimen104
\typewidth=\dimen105
\normaltextheight=\dimen106
\blindfoliodrop=\dimen107
\tempbox=\box26
\tempdimen=\dimen108
\normaltextheight=\dimen109
\c@secnumbookdepth=\count79
\c@theorem=\count80
\c@strategy=\count81
\c@property=\count82
\c@proposition=\count83
\c@exam=\count84
\c@part=\count85
\c@section=\count86
\c@subsection=\count87
\c@subsubsection=\count88
\c@paragraph=\count89
\c@figure=\count90
\c@table=\count91
\belowcaptionskip=\skip41
\tbbox=\box27
\tabledim=\dimen110
\@narrowfig=\dimen111
\@nfigbox=\box28
\@nfcapbox=\box29
\@abstract=\box30
\@terms=\box31
\@keywords=\box32
\bibindent=\dimen112
LaTeX Info: Redefining \cal on input line 1053.

(/usr/share/texlive/texmf-dist/tex/latex/psnfss/times.sty
Package: times 2005/04/12 PSNFSS-v9.2a (SPQR) 
)
(/usr/share/texlive/texmf-dist/tex/latex/tools/bm.sty
Package: bm 2017/01/16 v1.2c Bold Symbol Support (DPC/FMi)
\symboldoperators=\mathgroup5
\symboldletters=\mathgroup6
\symboldsymbols=\mathgroup7
\symboldlasy=\mathgroup8
LaTeX Font Info:    Redeclaring math alphabet \mathbf on input line 141.
LaTeX Info: Redefining \bm on input line 207.
)
(/usr/share/texlive/texmf-dist/tex/latex/graphics/graphicx.sty
Package: graphicx 2014/10/28 v1.0g Enhanced LaTeX Graphics (DPC,SPQR)

(/usr/share/texlive/texmf-dist/tex/latex/graphics/keyval.sty
Package: keyval 2014/10/28 v1.15 key=value parser (DPC)
\KV@toks@=\toks14
)
(/usr/share/texlive/texmf-dist/tex/latex/graphics/graphics.sty
Package: graphics 2016/10/09 v1.0u Standard LaTeX Graphics (DPC,SPQR)

(/usr/share/texlive/texmf-dist/tex/latex/graphics/trig.sty
Package: trig 2016/01/03 v1.10 sin cos tan (DPC)
)
(/usr/share/texlive/texmf-dist/tex/latex/graphics-cfg/graphics.cfg
File: graphics.cfg 2016/06/04 v1.11 sample graphics configuration
)
Package graphics Info: Driver file: pdftex.def on input line 99.

(/usr/share/texlive/texmf-dist/tex/latex/graphics-def/pdftex.def
File: pdftex.def 2017/01/12 v0.06k Graphics/color for pdfTeX

(/usr/share/texlive/texmf-dist/tex/generic/oberdiek/infwarerr.sty
Package: infwarerr 2016/05/16 v1.4 Providing info/warning/error messages (HO)
)
(/usr/share/texlive/texmf-dist/tex/generic/oberdiek/ltxcmds.sty
Package: ltxcmds 2016/05/16 v1.23 LaTeX kernel commands for general use (HO)
)
\Gread@gobject=\count92
))
\Gin@req@height=\dimen113
\Gin@req@width=\dimen114
))
(/usr/share/texlive/texmf-dist/tex/latex/hyperref/hyperref.sty
Package: hyperref 2016/06/24 v6.83q Hypertext links for LaTeX

(/usr/share/texlive/texmf-dist/tex/generic/oberdiek/hobsub-hyperref.sty
Package: hobsub-hyperref 2016/05/16 v1.14 Bundle oberdiek, subset hyperref (HO)


(/usr/share/texlive/texmf-dist/tex/generic/oberdiek/hobsub-generic.sty
Package: hobsub-generic 2016/05/16 v1.14 Bundle oberdiek, subset generic (HO)
Package: hobsub 2016/05/16 v1.14 Construct package bundles (HO)
Package hobsub Info: Skipping package `infwarerr' (already loaded).
Package hobsub Info: Skipping package `ltxcmds' (already loaded).
Package: ifluatex 2016/05/16 v1.4 Provides the ifluatex switch (HO)
Package ifluatex Info: LuaTeX not detected.
Package: ifvtex 2016/05/16 v1.6 Detect VTeX and its facilities (HO)
Package ifvtex Info: VTeX not detected.
Package: intcalc 2016/05/16 v1.2 Expandable calculations with integers (HO)
Package: ifpdf 2016/05/14 v3.1 Provides the ifpdf switch
Package: etexcmds 2016/05/16 v1.6 Avoid name clashes with e-TeX commands (HO)
Package etexcmds Info: Could not find \expanded.
(etexcmds)             That can mean that you are not using pdfTeX 1.50 or
(etexcmds)             that some package has redefined \expanded.
(etexcmds)             In the latter case, load this package earlier.
Package: kvsetkeys 2016/05/16 v1.17 Key value parser (HO)
Package: kvdefinekeys 2016/05/16 v1.4 Define keys (HO)
Package: pdftexcmds 2016/05/21 v0.22 Utility functions of pdfTeX for LuaTeX (HO
)
Package pdftexcmds Info: LuaTeX not detected.
Package pdftexcmds Info: \pdf@primitive is available.
Package pdftexcmds Info: \pdf@ifprimitive is available.
Package pdftexcmds Info: \pdfdraftmode found.
Package: pdfescape 2016/05/16 v1.14 Implements pdfTeX's escape features (HO)
Package: bigintcalc 2016/05/16 v1.4 Expandable calculations on big integers (HO
)
Package: bitset 2016/05/16 v1.2 Handle bit-vector datatype (HO)
Package: uniquecounter 2016/05/16 v1.3 Provide unlimited unique counter (HO)
)
Package hobsub Info: Skipping package `hobsub' (already loaded).
Package: letltxmacro 2016/05/16 v1.5 Let assignment for LaTeX macros (HO)
Package: hopatch 2016/05/16 v1.3 Wrapper for package hooks (HO)
Package: xcolor-patch 2016/05/16 xcolor patch
Package: atveryend 2016/05/16 v1.9 Hooks at the very end of document (HO)
Package atveryend Info: \enddocument detected (standard20110627).
Package: atbegshi 2016/06/09 v1.18 At begin shipout hook (HO)
Package: refcount 2016/05/16 v3.5 Data extraction from label references (HO)
Package: hycolor 2016/05/16 v1.8 Color options for hyperref/bookmark (HO)
)
(/usr/share/texlive/texmf-dist/tex/generic/ifxetex/ifxetex.sty
Package: ifxetex 2010/09/12 v0.6 Provides ifxetex conditional
)
(/usr/share/texlive/texmf-dist/tex/latex/oberdiek/auxhook.sty
Package: auxhook 2016/05/16 v1.4 Hooks for auxiliary files (HO)
)
(/usr/share/texlive/texmf-dist/tex/latex/oberdiek/kvoptions.sty
Package: kvoptions 2016/05/16 v3.12 Key value format for package options (HO)
)
\@linkdim=\dimen115
\Hy@linkcounter=\count93
\Hy@pagecounter=\count94

(/usr/share/texlive/texmf-dist/tex/latex/hyperref/pd1enc.def
File: pd1enc.def 2016/06/24 v6.83q Hyperref: PDFDocEncoding definition (HO)
)
\Hy@SavedSpaceFactor=\count95

(/usr/share/texlive/texmf-dist/tex/latex/latexconfig/hyperref.cfg
File: hyperref.cfg 2002/06/06 v1.2 hyperref configuration of TeXLive
)
Package hyperref Info: Option `hypertexnames' set `false' on input line 4362.
Package hyperref Info: Hyper figures OFF on input line 4486.
Package hyperref Info: Link nesting OFF on input line 4491.
Package hyperref Info: Hyper index ON on input line 4494.
Package hyperref Info: Plain pages OFF on input line 4501.
Package hyperref Info: Backreferencing OFF on input line 4506.
Package hyperref Info: Implicit mode ON; LaTeX internals redefined.
Package hyperref Info: Bookmarks ON on input line 4735.
\c@Hy@tempcnt=\count96
LaTeX Info: Redefining \url on input line 5088.
\XeTeXLinkMargin=\dimen116
\Fld@menulength=\count97
\Field@Width=\dimen117
\Fld@charsize=\dimen118
Package hyperref Info: Hyper figures OFF on input line 6342.
Package hyperref Info: Link nesting OFF on input line 6347.
Package hyperref Info: Hyper index ON on input line 6350.
Package hyperref Info: backreferencing OFF on input line 6357.
Package hyperref Info: Link coloring OFF on input line 6362.
Package hyperref Info: Link coloring with OCG OFF on input line 6367.
Package hyperref Info: PDF/A mode OFF on input line 6372.
LaTeX Info: Redefining \ref on input line 6412.
LaTeX Info: Redefining \pageref on input line 6416.
\Hy@abspage=\count98
\c@Item=\count99
\c@Hfootnote=\count100
)

Package hyperref Message: Driver: hpdftex.

(/usr/share/texlive/texmf-dist/tex/latex/hyperref/hpdftex.def
File: hpdftex.def 2016/06/24 v6.83q Hyperref driver for pdfTeX
\Fld@listcount=\count101
\c@bookmark@seq@number=\count102

(/usr/share/texlive/texmf-dist/tex/latex/oberdiek/rerunfilecheck.sty
Package: rerunfilecheck 2016/05/16 v1.8 Rerun checks for auxiliary files (HO)
Package uniquecounter Info: New unique counter `rerunfilecheck' on input line 2
82.
)
\Hy@SectionHShift=\skip42
)
Package hyperref Info: Option `colorlinks' set `true' on input line 4.

(/usr/share/texlive/texmf-dist/tex/latex/float/float.sty
Package: float 2001/11/08 v1.3d Float enhancements (AL)
\c@float@type=\count103
\float@exts=\toks15
\float@box=\box33
\@float@everytoks=\toks16
\@floatcapt=\box34
) (./publication.aux

LaTeX Warning: Label `fig:trump_results' multiply defined.


LaTeX Warning: Label `fig:trump_results' multiply defined.


LaTeX Warning: Label `fig:trump_results' multiply defined.

)
\openout1 = `publication.aux'.

LaTeX Font Info:    Checking defaults for OML/cmm/m/it on input line 29.
LaTeX Font Info:    ... okay on input line 29.
LaTeX Font Info:    Checking defaults for T1/cmr/m/n on input line 29.
LaTeX Font Info:    ... okay on input line 29.
LaTeX Font Info:    Checking defaults for OT1/cmr/m/n on input line 29.
LaTeX Font Info:    ... okay on input line 29.
LaTeX Font Info:    Checking defaults for OMS/cmsy/m/n on input line 29.
LaTeX Font Info:    ... okay on input line 29.
LaTeX Font Info:    Checking defaults for OMX/cmex/m/n on input line 29.
LaTeX Font Info:    ... okay on input line 29.
LaTeX Font Info:    Checking defaults for U/cmr/m/n on input line 29.
LaTeX Font Info:    ... okay on input line 29.
LaTeX Font Info:    Checking defaults for PD1/pdf/m/n on input line 29.
LaTeX Font Info:    ... okay on input line 29.
LaTeX Font Info:    Try loading font information for OT1+ptm on input line 29.
 (/usr/share/texlive/texmf-dist/tex/latex/psnfss/ot1ptm.fd
File: ot1ptm.fd 2001/06/04 font definitions for OT1/ptm.
)
\bibhang=\skip43

(/usr/share/texlive/texmf-dist/tex/context/base/mkii/supp-pdf.mkii
[Loading MPS to PDF converter (version 2006.09.02).]
\scratchcounter=\count104
\scratchdimen=\dimen119
\scratchbox=\box35
\nofMPsegments=\count105
\nofMParguments=\count106
\everyMPshowfont=\toks17
\MPscratchCnt=\count107
\MPscratchDim=\dimen120
\MPnumerator=\count108
\makeMPintoPDFobject=\count109
\everyMPtoPDFconversion=\toks18
) (/usr/share/texlive/texmf-dist/tex/latex/oberdiek/epstopdf-base.sty
Package: epstopdf-base 2016/05/15 v2.6 Base part for package epstopdf

(/usr/share/texlive/texmf-dist/tex/latex/oberdiek/grfext.sty
Package: grfext 2016/05/16 v1.2 Manage graphics extensions (HO)
)
Package epstopdf-base Info: Redefining graphics rule for `.eps' on input line 4
38.
Package grfext Info: Graphics extension search list:
(grfext)             [.png,.pdf,.jpg,.mps,.jpeg,.jbig2,.jb2,.PNG,.PDF,.JPG,.JPE
G,.JBIG2,.JB2,.eps]
(grfext)             \AppendGraphicsExtensions on input line 456.

(/usr/share/texlive/texmf-dist/tex/latex/latexconfig/epstopdf-sys.cfg
File: epstopdf-sys.cfg 2010/07/13 v1.3 Configuration of (r)epstopdf for TeX Liv
e
))
\AtBeginShipoutBox=\box36

(/usr/share/texlive/texmf-dist/tex/latex/graphics/color.sty
Package: color 2016/07/10 v1.1e Standard LaTeX Color (DPC)

(/usr/share/texlive/texmf-dist/tex/latex/graphics-cfg/color.cfg
File: color.cfg 2016/01/02 v1.6 sample color configuration
)
Package color Info: Driver file: pdftex.def on input line 147.
)
Package hyperref Info: Link coloring ON on input line 29.

(/usr/share/texlive/texmf-dist/tex/latex/hyperref/nameref.sty
Package: nameref 2016/05/21 v2.44 Cross-referencing by name of section

(/usr/share/texlive/texmf-dist/tex/generic/oberdiek/gettitlestring.sty
Package: gettitlestring 2016/05/16 v1.5 Cleanup title references (HO)
)
\c@section@level=\count110
)
LaTeX Info: Redefining \ref on input line 29.
LaTeX Info: Redefining \pageref on input line 29.
LaTeX Info: Redefining \nameref on input line 29.

(./publication.out) (./publication.out)
\@outlinefile=\write3
\openout3 = `publication.out'.

LaTeX Font Info:    Try loading font information for OT1+phv on input line 49.

(/usr/share/texlive/texmf-dist/tex/latex/psnfss/ot1phv.fd
File: ot1phv.fd 2001/06/04 scalable font definitions for OT1/phv.
)
LaTeX Font Info:    External font `cmex10' loaded for size
(Font)              <17.28> on input line 49.
LaTeX Font Info:    External font `cmex10' loaded for size
(Font)              <12> on input line 49.
LaTeX Font Info:    Try loading font information for U+lasy on input line 49.

(/usr/share/texlive/texmf-dist/tex/latex/base/ulasy.fd
File: ulasy.fd 1998/08/17 v2.2e LaTeX symbol font definitions
)
LaTeX Font Info:    External font `cmex10' loaded for size
(Font)              <8> on input line 53.
LaTeX Font Info:    External font `cmex10' loaded for size
(Font)              <6> on input line 53.
LaTeX Font Info:    External font `cmex10' loaded for size
(Font)              <5> on input line 53.
LaTeX Font Info:    Font shape `U/lasy/b/n' in size <8> not available
(Font)              Font shape `U/lasy/m/n' tried instead on input line 53.
LaTeX Font Info:    Font shape `U/lasy/b/n' in size <6> not available
(Font)              Font shape `U/lasy/m/n' tried instead on input line 53.
LaTeX Font Info:    Font shape `U/lasy/b/n' in size <5> not available
(Font)              Font shape `U/lasy/m/n' tried instead on input line 53.
LaTeX Font Info:    Try loading font information for OMS+ptm on input line 53.

(/usr/share/texlive/texmf-dist/tex/latex/psnfss/omsptm.fd
File: omsptm.fd 
)
LaTeX Font Info:    Font shape `OMS/ptm/m/n' in size <8> not available
(Font)              Font shape `OMS/cmsy/m/n' tried instead on input line 53.

! Undefined control sequence.
\doiline ->{\tt DOI:}http://dx.doi.org/\@acmDOI 
                                                
l.53 \end{bottomstuff}
                      
The control sequence at the end of the top line
of your error message was never \def'ed. If you have
misspelled it (e.g., `\hobx'), type `I' and the correct
spelling (e.g., `I\hbox'). Otherwise just continue,
and I'll forget about whatever was undefined.

LaTeX Font Info:    Font shape `OT1/ptm/bx/n' in size <8> not available
(Font)              Font shape `OT1/ptm/b/n' tried instead on input line 59.
LaTeX Font Info:    External font `cmex10' loaded for size
(Font)              <9> on input line 63.
LaTeX Font Info:    Font shape `U/lasy/b/n' in size <9> not available
(Font)              Font shape `U/lasy/m/n' tried instead on input line 63.
! Illegal parameter number in definition of \Hy@tempa.
<to be read again> 
                   /
l.63 ...s://twitter.yannistannier.io/#/dashboard}}
                                                  , a microblogging platform...
You meant to type ## instead of #, right?
Or maybe a } was forgotten somewhere earlier, and things
are all screwed up? I'm going to assume that you meant ##.

! Illegal parameter number in definition of \Hy@tempa.
<to be read again> 
                   /
l.63 ...s://twitter.yannistannier.io/#/dashboard}}
                                                  , a microblogging platform...
You meant to type ## instead of #, right?
Or maybe a } was forgotten somewhere earlier, and things
are all screwed up? I'm going to assume that you meant ##.

Missing character: There is no ‚ in font ptmr7t!
Missing character: There is no Ä in font ptmr7t!
Missing character: There is no ô in font ptmr7t!
Missing character: There is no ‚ in font ptmr7t!
Missing character: There is no Ä in font ptmr7t!
Missing character: There is no ú in font ptmr7t!
Missing character: There is no ‚ in font ptmr7t!
Missing character: There is no Ä in font ptmr7t!
Missing character: There is no ô in font ptmr7t!
Missing character: There is no ‚ in font ptmr7t!
Missing character: There is no Ä in font ptmr7t!
Missing character: There is no ô in font ptmr7t!
Missing character: There is no ‚ in font ptmr7t!
Missing character: There is no Ä in font ptmr7t!
Missing character: There is no ô in font ptmr7t!
[1{/var/lib/texmf/fonts/map/pdftex/updmap/pdftex.map}
Non-PDF special ignored!


]
LaTeX Font Info:    Font shape `OT1/ptm/bx/n' in size <9> not available
(Font)              Font shape `OT1/ptm/b/n' tried instead on input line 80.


LaTeX Warning: Citation `Marquez16' on page 2 undefined on input line 80.

Missing character: There is no ‚ in font ptmr7t!
Missing character: There is no Ä in font ptmr7t!
Missing character: There is no ô in font ptmr7t!

Underfull \hbox (badness 10000) in paragraph at lines 102--102
$[]$[][][][]$\OT1/ptm/m/n/8 https : / / github . com / mbenhamd / twitter-[]sen
timent-[]analysis / tree / master /
 []


Underfull \hbox (badness 10000) in paragraph at lines 102--102
$[]$[][][][]$\OT1/ptm/m/n/8 https : / / github . com / yannistannier / twitter-
[]sentiment-[]analysis / tree / master /
 []

Missing character: There is no ‚ in font ptmr7t!
Missing character: There is no Ä in font ptmr7t!
Missing character: There is no ô in font ptmr7t!
<first_ten_languages.png, id=114, 653.44125pt x 423.83344pt>
File: first_ten_languages.png Graphic file (type png)

<use first_ten_languages.png>
Package pdftex.def Info: first_ten_languages.png used on input line 107.
(pdftex.def)             Requested size: 240.0pt x 155.66475pt.

Underfull \vbox (badness 10000) has occurred while \output is active []

LaTeX Font Info:    External font `cmex10' loaded for size
(Font)              <7> on input line 111.
LaTeX Font Info:    Font shape `U/lasy/b/n' in size <7> not available
(Font)              Font shape `U/lasy/m/n' tried instead on input line 111.

Overfull \vbox (0.633pt too high) has occurred while \output is active []

 [2]

LaTeX Warning: Citation `Poddar16' on page 3 undefined on input line 116.

Missing character: There is no ‚ in font ptmr7t!
Missing character: There is no Ä in font ptmr7t!
Missing character: There is no ô in font ptmr7t!
Missing character: There is no ‚ in font ptmr7t!
Missing character: There is no Ä in font ptmr7t!
Missing character: There is no ú in font ptmr7t!
Missing character: There is no ‚ in font ptmr7t!
Missing character: There is no Ä in font ptmr7t!
Missing character: There is no ù in font ptmr7t!
Missing character: There is no ‚ in font ptmr7t!
Missing character: There is no Ä in font ptmr7t!
Missing character: There is no ú in font ptmr7t!
Missing character: There is no ‚ in font ptmr7t!
Missing character: There is no Ä in font ptmr7t!
Missing character: There is no ù in font ptmr7t!
Missing character: There is no ‚ in font ptmr7t!
Missing character: There is no Ä in font ptmr7t!
Missing character: There is no ô in font ptmr7t!
Missing character: There is no ‚ in font ptmr7t!
Missing character: There is no Ä in font ptmr7t!
Missing character: There is no ô in font ptmr7t!

Overfull \vbox (0.633pt too high) has occurred while \output is active []

 [3 <./first_ten_languages.png (PNG copy)>]
Underfull \hbox (badness 10000) in paragraph at lines 176--176
$[]$[][][][]$\OT1/ptm/m/n/8 https : / / github . com / yannistannier / twitter-
[]sentiment-[]analysis / tree / master /
 []

<table-web-db.png, id=141, 1459.4525pt x 890.32625pt>
File: table-web-db.png Graphic file (type png)
 <use table-web-db.png>
Package pdftex.def Info: table-web-db.png used on input line 184.
(pdftex.def)             Requested size: 240.0pt x 146.40842pt.

Underfull \vbox (badness 10000) has occurred while \output is active []


<archive-schema.png, id=142, 1798.72pt x 1066.98625pt>
File: archive-schema.png Graphic file (type png)

<use archive-schema.png>
Package pdftex.def Info: archive-schema.png used on input line 200.
(pdftex.def)             Requested size: 240.0pt x 142.36pt.

Underfull \hbox (badness 10000) in paragraph at lines 212--212
$[]$[][][][]$\OT1/ptm/m/n/8 https : / / github . com / yannistannier / twitter-
[]sentiment-[]analysis / tree / master /
 []


Overfull \vbox (0.633pt too high) has occurred while \output is active []

 [4 <./table-web-db.png> <./archive-schema.png>]
<real_stream-schema.png, id=156, 1309.89375pt x 481.8pt>
File: real_stream-schema.png Graphic file (type png)

<use real_stream-schema.png>
Package pdftex.def Info: real_stream-schema.png used on input line 217.
(pdftex.def)             Requested size: 240.0pt x 88.27145pt.

<monthly_analysis_joy_sadness-exemple.png, id=158, 673.51625pt x 352.31625pt>
File: monthly_analysis_joy_sadness-exemple.png Graphic file (type png)

<use monthly_analysis_joy_sadness-exemple.png>
Package pdftex.def Info: monthly_analysis_joy_sadness-exemple.png used on input
 line 233.
(pdftex.def)             Requested size: 240.0pt x 125.54353pt.

<Trump-results-analysis_exemple.png, id=159, 821.469pt x 431.211pt>
File: Trump-results-analysis_exemple.png Graphic file (type png)

<use Trump-results-analysis_exemple.png>
Package pdftex.def Info: Trump-results-analysis_exemple.png used on input line 
248.
(pdftex.def)             Requested size: 240.0pt x 125.9823pt.

<retweeted_emotion_sentiment_trump-exemple.png, id=161, 666.49pt x 685.56125pt>
File: retweeted_emotion_sentiment_trump-exemple.png Graphic file (type png)
<use retweeted_emotion_sentiment_trump-exemple.png>
Package pdftex.def Info: retweeted_emotion_sentiment_trump-exemple.png used on 
input line 261.
(pdftex.def)             Requested size: 240.0pt x 246.86462pt.

Overfull \vbox (0.633pt too high) has occurred while \output is active []

 [5 <./real_stream-schema.png> <./monthly_analysis_joy_sadness-exemple.png> <./
Trump-results-analysis_exemple.png> <./retweeted_emotion_sentiment_trump-exempl
e.png>]
Missing character: There is no ‚ in font ptmr7t!
Missing character: There is no Ä in font ptmr7t!
Missing character: There is no ú in font ptmr7t!
Missing character: There is no ‚ in font ptmr7t!
Missing character: There is no Ä in font ptmr7t!
Missing character: There is no ù in font ptmr7t!
Missing character: There is no ‚ in font ptmr7t!
Missing character: There is no Ä in font ptmr7t!
Missing character: There is no ú in font ptmr7t!
Missing character: There is no ‚ in font ptmr7t!
Missing character: There is no Ä in font ptmr7t!
Missing character: There is no ù in font ptmr7t!
Missing character: There is no ‚ in font ptmr7t!
Missing character: There is no Ä in font ptmr7t!
Missing character: There is no ú in font ptmr7t!
Missing character: There is no ‚ in font ptmr7t!
Missing character: There is no Ä in font ptmr7t!
Missing character: There is no ù in font ptmr7t!

<final_plot_contradiction_analysis.png, id=180, 652.68843pt x 423.83344pt>
File: final_plot_contradiction_analysis.png Graphic file (type png)

<use final_plot_contradiction_analysis.png>
Package pdftex.def Info: final_plot_contradiction_analysis.png used on input li
ne 287.
(pdftex.def)             Requested size: 240.0pt x 155.84583pt.


LaTeX Warning: `!h' float specifier changed to `!ht'.

! Illegal parameter number in definition of \Hy@tempa.
<to be read again> 
                   /
l.300 ...s://twitter.yannistannier.io/#/realtime}}
                                                   such as geolocation of pe...
You meant to type ## instead of #, right?
Or maybe a } was forgotten somewhere earlier, and things
are all screwed up? I'm going to assume that you meant ##.

! Illegal parameter number in definition of \Hy@tempa.
<to be read again> 
                   /
l.300 ...s://twitter.yannistannier.io/#/realtime}}
                                                   such as geolocation of pe...
You meant to type ## instead of #, right?
Or maybe a } was forgotten somewhere earlier, and things
are all screwed up? I'm going to assume that you meant ##.

! Misplaced alignment tab character &.
l.307 ... (Archivist) and Diana Yuan (Co-Founder &
                                                   Vice President, Talent & ...
I can't figure out why you would want to use a tab mark
here. If you just want an ampersand, the remedy is
simple: Just type `I\&' now. But if some right brace
up above has ended a previous alignment prematurely,
you're probably due for more error messages, and you
might try typing `S' now just to see what is salvageable.

! Misplaced alignment tab character &.
l.307 ...an (Co-Founder & Vice President, Talent &
                                                   Operations from Indico).
I can't figure out why you would want to use a tab mark
here. If you just want an ampersand, the remedy is
simple: Just type `I\&' now. But if some right brace
up above has ended a previous alignment prematurely,
you're probably due for more error messages, and you
might try typing `S' now just to see what is salvageable.

(./publication.bbl
Underfull \hbox (badness 10000) in paragraph at lines 52--59
[]\OT1/ptm/m/n/8 Alexandros Bal-tas and An-dreas Kanavos and Athana-sios K.
 []


Underfull \hbox (badness 10000) in paragraph at lines 52--59
\OT1/ptm/m/n/8 Tsaka-lidis. 2017.  An Apache Spark Im-ple-men-ta-tion for
 []


Underfull \hbox (badness 10000) in paragraph at lines 52--59
\OT1/ptm/m/n/8 Sen-ti-ment Anal-y-sis on Twit-ter Data.  (Aug. 2017), 15--25.
 []


Underfull \hbox (badness 2142) in paragraph at lines 100--110
[]\OT1/ptm/m/n/8 Bhumika Gupta, Monika Negi, Kanika Vish-wakarma, Goldi Rawat,
 []


Underfull \hbox (badness 1490) in paragraph at lines 100--110
\OT1/ptm/m/n/8 and Priyanka Bad-hani. 2017.  Study of Twit-ter Sen-ti-ment Anal
-
 []


Underfull \hbox (badness 3386) in paragraph at lines 100--110
\OT1/ptm/m/n/8 y-sis us-ing Ma-chine Learn-ing Al-go-rithms on Python.  \OT1/pt
m/m/it/8 In-ter-na-
 []


Overfull \vbox (0.633pt too high) has occurred while \output is active []

 [6 <./final_plot_contradiction_analysis.png (PNG copy)>]
Underfull \hbox (badness 10000) in paragraph at lines 130--137
[]\OT1/ptm/m/n/8 Nazan []Ozt[]urka and Serkan Ay-vazb. 2017.  Sen-ti-ment anal-
y-
 []


Underfull \hbox (badness 3838) in paragraph at lines 130--137
\OT1/ptm/m/n/8 sis on Twit-ter: A text min-ing ap-proach to the Syr-ian refugee

 []


Underfull \hbox (badness 5161) in paragraph at lines 130--137
\OT1/ptm/m/n/8 cri-sis.  \OT1/ptm/m/it/8 Telem-at-ics and In-for-mat-ics \OT1/p
tm/m/n/8 35 (Oct. 2017), 136--147.
 []


Underfull \hbox (badness 10000) in paragraph at lines 164--172
[]\OT1/ptm/m/n/8 Walaa Med-hat and Ahmed Has-san and Hoda Ko-rashy. 2014.
 []


Underfull \hbox (badness 10000) in paragraph at lines 164--172
\OT1/ptm/m/n/8 Sen-ti-ment anal-y-sis al-go-rithms and ap-pli-ca-tions: A sur-v
ey.
 []


Underfull \hbox (badness 10000) in paragraph at lines 164--172
\OT1/ptm/m/it/8 Ain Shams En-gi-neer-ing Jour-nal \OT1/ptm/m/n/8 5, 4 (2014), 1
093--1113.
 []


Underfull \hbox (badness 10000) in paragraph at lines 177--184
[]\OT1/ptm/m/n/8 Zhao Jian-qiang and Gui Xi-aolin. 2017.  Com-par-i-son Re-
 []


Underfull \hbox (badness 10000) in paragraph at lines 177--184
\OT1/ptm/m/n/8 search on Text Pre-processing Meth-ods on Twit-ter Sen-ti-
 []


Underfull \hbox (badness 10000) in paragraph at lines 177--184
\OT1/ptm/m/n/8 ment Anal-y-sis.  \OT1/ptm/m/it/8 IEEE Ac-cess \OT1/ptm/m/n/8 5 
(Feb. 2017), 2870--2879.
 []

)
Package atveryend Info: Empty hook `BeforeClearDocument' on input line 315.

Overfull \vbox (0.633pt too high) has occurred while \output is active []

 [7

]
Package atveryend Info: Empty hook `AfterLastShipout' on input line 315.

(./publication.aux)
Package atveryend Info: Executing hook `AtVeryEndDocument' on input line 315.
Package atveryend Info: Executing hook `AtEndAfterFileList' on input line 315.
Package rerunfilecheck Info: File `publication.out' has not changed.
(rerunfilecheck)             Checksum: C9F55A83689F3C28BBD0E6759791B9A9;1291.


LaTeX Warning: There were multiply-defined labels.

Package atveryend Info: Empty hook `AtVeryVeryEnd' on input line 315.
 ) 
Here is how much of TeX's memory you used:
 5849 strings out of 494902
 85592 string characters out of 6179891
 180198 words of memory out of 5000000
 9000 multiletter control sequences out of 15000+600000
 37960 words of font info for 93 fonts, out of 8000000 for 9000
 36 hyphenation exceptions out of 8191
 34i,9n,28p,2491b,448s stack positions out of 5000i,500n,10000p,200000b,80000s
{/usr/share/texlive/texmf-dist/fonts/enc/dvips/base/8r.enc}</usr/share/texliv
e/texmf-dist/fonts/type1/public/amsfonts/cm/cmmi8.pfb></usr/share/texlive/texmf
-dist/fonts/type1/public/amsfonts/cm/cmr6.pfb></usr/share/texlive/texmf-dist/fo
nts/type1/public/amsfonts/cm/cmr8.pfb></usr/share/texlive/texmf-dist/fonts/type
1/public/amsfonts/cm/cmsy10.pfb></usr/share/texlive/texmf-dist/fonts/type1/publ
ic/amsfonts/cm/cmtt8.pfb></usr/share/texlive/texmf-dist/fonts/type1/urw/helveti
c/uhvr8a.pfb></usr/share/texlive/texmf-dist/fonts/type1/urw/times/utmb8a.pfb></
usr/share/texlive/texmf-dist/fonts/type1/urw/times/utmr8a.pfb></usr/share/texli
ve/texmf-dist/fonts/type1/urw/times/utmri8a.pfb>
Output written on publication.pdf (7 pages, 480462 bytes).
PDF statistics:
 269 PDF objects out of 1000 (max. 8388607)
 237 compressed objects within 3 object streams
 66 named destinations out of 1000 (max. 500000)
 201 words of extra memory for PDF output out of 10000 (max. 10000000)

