This is pdfTeX, Version 3.14159265-2.6-1.40.17 (TeX Live 2016/Debian) (preloaded format=pdflatex 2018.2.15)  15 APR 2018 23:54
entering extended mode
 restricted \write18 enabled.
 %&-line parsing enabled.
**ter.tex
(./ter.tex
LaTeX2e <2017/01/01> patch level 3
Babel <3.9r> and hyphenation patterns for 5 language(s) loaded.
(./llncs.cls
Document Class: llncs 2018/03/10 v2.20 
 LaTeX document class for Lecture Notes in Computer Science
(/usr/share/texlive/texmf-dist/tex/latex/base/article.cls
Document Class: article 2014/09/29 v1.4h Standard LaTeX document class
(/usr/share/texlive/texmf-dist/tex/latex/base/size10.clo
File: size10.clo 2014/09/29 v1.4h Standard LaTeX file (size option)
)
\c@part=\count79
\c@section=\count80
\c@subsection=\count81
\c@subsubsection=\count82
\c@paragraph=\count83
\c@subparagraph=\count84
\c@figure=\count85
\c@table=\count86
\abovecaptionskip=\skip41
\belowcaptionskip=\skip42
\bibindent=\dimen102
)
(/usr/share/texlive/texmf-dist/tex/latex/tools/multicol.sty
Package: multicol 2016/04/07 v1.8p multicolumn formatting (FMi)
\c@tracingmulticols=\count87
\mult@box=\box26
\multicol@leftmargin=\dimen103
\c@unbalance=\count88
\c@collectmore=\count89
\doublecol@number=\count90
\multicoltolerance=\count91
\multicolpretolerance=\count92
\full@width=\dimen104
\page@free=\dimen105
\premulticols=\dimen106
\postmulticols=\dimen107
\multicolsep=\skip43
\multicolbaselineskip=\skip44
\partial@page=\box27
\last@line=\box28
\maxbalancingoverflow=\dimen108
\mult@rightbox=\box29
\mult@grightbox=\box30
\mult@gfirstbox=\box31
\mult@firstbox=\box32
\@tempa=\box33
\@tempa=\box34
\@tempa=\box35
\@tempa=\box36
\@tempa=\box37
\@tempa=\box38
\@tempa=\box39
\@tempa=\box40
\@tempa=\box41
\@tempa=\box42
\@tempa=\box43
\@tempa=\box44
\@tempa=\box45
\@tempa=\box46
\@tempa=\box47
\@tempa=\box48
\@tempa=\box49
\c@columnbadness=\count93
\c@finalcolumnbadness=\count94
\last@try=\dimen109
\multicolovershoot=\dimen110
\multicolundershoot=\dimen111
\mult@nat@firstbox=\box50
\colbreak@box=\box51
\mc@col@check@num=\count95
)
(/usr/share/texlive/texmf-dist/tex/latex/oberdiek/aliascnt.sty
Package: aliascnt 2016/05/16 v1.4 Alias counters (HO)

(/usr/share/texlive/texmf-dist/tex/latex/carlisle/remreset.sty))
\c@chapter=\count96
LaTeX Font Info:    Redeclaring math symbol \Gamma on input line 362.
LaTeX Font Info:    Redeclaring math symbol \Delta on input line 363.
LaTeX Font Info:    Redeclaring math symbol \Theta on input line 364.
LaTeX Font Info:    Redeclaring math symbol \Lambda on input line 365.
LaTeX Font Info:    Redeclaring math symbol \Xi on input line 366.
LaTeX Font Info:    Redeclaring math symbol \Pi on input line 367.
LaTeX Font Info:    Redeclaring math symbol \Sigma on input line 368.
LaTeX Font Info:    Redeclaring math symbol \Upsilon on input line 369.
LaTeX Font Info:    Redeclaring math symbol \Phi on input line 370.
LaTeX Font Info:    Redeclaring math symbol \Psi on input line 371.
LaTeX Font Info:    Redeclaring math symbol \Omega on input line 372.
\tocchpnum=\dimen112
\tocsecnum=\dimen113
\tocsectotal=\dimen114
\tocsubsecnum=\dimen115
\tocsubsectotal=\dimen116
\tocsubsubsecnum=\dimen117
\tocsubsubsectotal=\dimen118
\tocparanum=\dimen119
\tocparatotal=\dimen120
\tocsubparanum=\dimen121
\@tempcntc=\count97
\fnindent=\dimen122
\c@@inst=\count98
\c@@auth=\count99
\c@auco=\count100
\instindent=\dimen123
\authrun=\box52
\authorrunning=\toks14
\tocauthor=\toks15
\titrun=\box53
\titlerunning=\toks16
\toctitle=\toks17
\c@theorem=\count101
\c@case=\count102
\c@conjecture=\count103
\c@corollary=\count104
\c@definition=\count105
\c@example=\count106
\c@exercise=\count107
\c@lemma=\count108
\c@note=\count109
\c@problem=\count110
\c@property=\count111
\c@proposition=\count112
\c@question=\count113
\c@solution=\count114
\c@remark=\count115
\headlineindent=\dimen124
)
(/usr/share/texlive/texmf-dist/tex/latex/graphics/graphicx.sty
Package: graphicx 2014/10/28 v1.0g Enhanced LaTeX Graphics (DPC,SPQR)

(/usr/share/texlive/texmf-dist/tex/latex/graphics/keyval.sty
Package: keyval 2014/10/28 v1.15 key=value parser (DPC)
\KV@toks@=\toks18
)
(/usr/share/texlive/texmf-dist/tex/latex/graphics/graphics.sty
Package: graphics 2016/10/09 v1.0u Standard LaTeX Graphics (DPC,SPQR)

(/usr/share/texlive/texmf-dist/tex/latex/graphics/trig.sty
Package: trig 2016/01/03 v1.10 sin cos tan (DPC)
)
(/usr/share/texlive/texmf-dist/tex/latex/graphics-cfg/graphics.cfg
File: graphics.cfg 2016/06/04 v1.11 sample graphics configuration
)
Package graphics Info: Driver file: pdftex.def on input line 99.

(/usr/share/texlive/texmf-dist/tex/latex/graphics-def/pdftex.def
File: pdftex.def 2017/01/12 v0.06k Graphics/color for pdfTeX

(/usr/share/texlive/texmf-dist/tex/generic/oberdiek/infwarerr.sty
Package: infwarerr 2016/05/16 v1.4 Providing info/warning/error messages (HO)
)
(/usr/share/texlive/texmf-dist/tex/generic/oberdiek/ltxcmds.sty
Package: ltxcmds 2016/05/16 v1.23 LaTeX kernel commands for general use (HO)
)
\Gread@gobject=\count116
))
\Gin@req@height=\dimen125
\Gin@req@width=\dimen126
) (./ter.aux

LaTeX Warning: Label `fig6' multiply defined.


LaTeX Warning: Label `fig6' multiply defined.


LaTeX Warning: Label `fig6' multiply defined.


LaTeX Warning: Label `fig6' multiply defined.


LaTeX Warning: Label `fig6' multiply defined.

)
\openout1 = `ter.aux'.

LaTeX Font Info:    Checking defaults for OML/cmm/m/it on input line 14.
LaTeX Font Info:    ... okay on input line 14.
LaTeX Font Info:    Checking defaults for T1/cmr/m/n on input line 14.
LaTeX Font Info:    ... okay on input line 14.
LaTeX Font Info:    Checking defaults for OT1/cmr/m/n on input line 14.
LaTeX Font Info:    ... okay on input line 14.
LaTeX Font Info:    Checking defaults for OMS/cmsy/m/n on input line 14.
LaTeX Font Info:    ... okay on input line 14.
LaTeX Font Info:    Checking defaults for OMX/cmex/m/n on input line 14.
LaTeX Font Info:    ... okay on input line 14.
LaTeX Font Info:    Checking defaults for U/cmr/m/n on input line 14.
LaTeX Font Info:    ... okay on input line 14.
 (/usr/share/texlive/texmf-dist/tex/context/base/mkii/supp-pdf.mkii
[Loading MPS to PDF converter (version 2006.09.02).]
\scratchcounter=\count117
\scratchdimen=\dimen127
\scratchbox=\box54
\nofMPsegments=\count118
\nofMParguments=\count119
\everyMPshowfont=\toks19
\MPscratchCnt=\count120
\MPscratchDim=\dimen128
\MPnumerator=\count121
\makeMPintoPDFobject=\count122
\everyMPtoPDFconversion=\toks20
) (/usr/share/texlive/texmf-dist/tex/generic/oberdiek/pdftexcmds.sty
Package: pdftexcmds 2016/05/21 v0.22 Utility functions of pdfTeX for LuaTeX (HO
)

(/usr/share/texlive/texmf-dist/tex/generic/oberdiek/ifluatex.sty
Package: ifluatex 2016/05/16 v1.4 Provides the ifluatex switch (HO)
Package ifluatex Info: LuaTeX not detected.
)
(/usr/share/texlive/texmf-dist/tex/generic/oberdiek/ifpdf.sty
Package: ifpdf 2016/05/14 v3.1 Provides the ifpdf switch
)
Package pdftexcmds Info: LuaTeX not detected.
Package pdftexcmds Info: \pdf@primitive is available.
Package pdftexcmds Info: \pdf@ifprimitive is available.
Package pdftexcmds Info: \pdfdraftmode found.
)
(/usr/share/texlive/texmf-dist/tex/latex/oberdiek/epstopdf-base.sty
Package: epstopdf-base 2016/05/15 v2.6 Base part for package epstopdf

(/usr/share/texlive/texmf-dist/tex/latex/oberdiek/grfext.sty
Package: grfext 2016/05/16 v1.2 Manage graphics extensions (HO)

(/usr/share/texlive/texmf-dist/tex/generic/oberdiek/kvdefinekeys.sty
Package: kvdefinekeys 2016/05/16 v1.4 Define keys (HO)
))
(/usr/share/texlive/texmf-dist/tex/latex/oberdiek/kvoptions.sty
Package: kvoptions 2016/05/16 v3.12 Key value format for package options (HO)

(/usr/share/texlive/texmf-dist/tex/generic/oberdiek/kvsetkeys.sty
Package: kvsetkeys 2016/05/16 v1.17 Key value parser (HO)

(/usr/share/texlive/texmf-dist/tex/generic/oberdiek/etexcmds.sty
Package: etexcmds 2016/05/16 v1.6 Avoid name clashes with e-TeX commands (HO)
Package etexcmds Info: Could not find \expanded.
(etexcmds)             That can mean that you are not using pdfTeX 1.50 or
(etexcmds)             that some package has redefined \expanded.
(etexcmds)             In the latter case, load this package earlier.
)))
Package epstopdf-base Info: Redefining graphics rule for `.eps' on input line 4
38.
Package grfext Info: Graphics extension search list:
(grfext)             [.png,.pdf,.jpg,.mps,.jpeg,.jbig2,.jb2,.PNG,.PDF,.JPG,.JPE
G,.JBIG2,.JB2,.eps]
(grfext)             \AppendGraphicsExtensions on input line 456.

(/usr/share/texlive/texmf-dist/tex/latex/latexconfig/epstopdf-sys.cfg
File: epstopdf-sys.cfg 2010/07/13 v1.3 Configuration of (r)epstopdf for TeX Liv
e
))
LaTeX Font Info:    External font `cmex10' loaded for size
(Font)              <7> on input line 30.
LaTeX Font Info:    External font `cmex10' loaded for size
(Font)              <5> on input line 30.


! LaTeX Error: There's no line here to end.

See the LaTeX manual or LaTeX Companion for explanation.
Type  H <return>  for immediate help.
 ...                                              
                                                  
l.30 \maketitle
                             % typeset the header of the contribution
Your command was ignored.
Type  I <command> <return>  to replace it with another command,
or  <return>  to continue without it.


! LaTeX Error: There's no line here to end.

See the LaTeX manual or LaTeX Companion for explanation.
Type  H <return>  for immediate help.
 ...                                              
                                                  
l.30 \maketitle
                             % typeset the header of the contribution
Your command was ignored.
Type  I <command> <return>  to replace it with another command,
or  <return>  to continue without it.

LaTeX Font Info:    External font `cmex10' loaded for size
(Font)              <9> on input line 33.
LaTeX Font Info:    External font `cmex10' loaded for size
(Font)              <6> on input line 33.

Overfull \hbox (1.44576pt too wide) in paragraph at lines 34--35
\OT1/cmr/bx/n/9 Keywords:\OT1/cmr/m/n/9 Apprentissage Non Su-per-vis^^Se, Spher
-i-cal K-means, K-means,
 []

Missing character: There is no Ã in font cmr10!
Missing character: There is no ¨ in font cmr10!
[1

{/var/lib/texmf/fonts/map/pdftex/updmap/pdftex.map}]

LaTeX Warning: Command \' invalid in math mode on input line 65.

! Please use \mathaccent for accents in math mode.
\add@accent ...@spacefactor \spacefactor }\accent 
                                                  #1 #2\egroup \spacefactor ...
l.65 ...lles que la $smoothness$ ou la $sparsit\'e
                                                  $ \cite{Cichocki2008}.
I'm changing \accent to \mathaccent here; wish me luck.
(Accents are not the same in formulas as they are in text.)

! You can't use `\spacefactor' in math mode.
\add@accent ...}\accent #1 #2\egroup \spacefactor 
                                                  \accent@spacefactor 
l.65 ...lles que la $smoothness$ ou la $sparsit\'e
                                                  $ \cite{Cichocki2008}.
Sorry, but I'm not programmed to handle this case;
I'll just pretend that you didn't ask for it.
If you're in the wrong mode, you might be able to
return to the right one by typing `I}' or `I$' or `I\par'.

Missing character: There is no è in font cmex10!

LaTeX Warning: Reference `tab1' on page 2 undefined on input line 70.

Missing character: There is no Ã in font cmr10!
Missing character: There is no § in font cmr10!
Missing character: There is no Ã in font cmr10!
Missing character: There is no ¨ in font cmr10!
[2]

LaTeX Warning: Citation ` Hutchins2008' on page 3 undefined on input line 94.

<x16_k_greyscale.png, id=23, 1927.2pt x 1084.05pt>
File: x16_k_greyscale.png Graphic file (type png)
 <use x16_k_greyscale.png>
Package pdftex.def Info: x16_k_greyscale.png used on input line 108.
(pdftex.def)             Requested size: 347.12354pt x 195.25291pt.
File: x16_k_greyscale.png Graphic file (type png)

<use x16_k_greyscale.png>
Package pdftex.def Info: x16_k_greyscale.png used on input line 113.
(pdftex.def)             Requested size: 347.12354pt x 195.25291pt.
 <x32_k_greyscale.png, id=24, 1927.2pt x 1084.05pt>
File: x32_k_greyscale.png Graphic file (type png)

<use x32_k_greyscale.png>
Package pdftex.def Info: x32_k_greyscale.png used on input line 118.
(pdftex.def)             Requested size: 347.12354pt x 195.25291pt.
 <x16_sk_greyscale.png, id=25, 1927.2pt x 1084.05pt>
File: x16_sk_greyscale.png Graphic file (type png)

<use x16_sk_greyscale.png>
Package pdftex.def Info: x16_sk_greyscale.png used on input line 123.
(pdftex.def)             Requested size: 347.12354pt x 195.25291pt.
 <x32_sk_greyscale.png, id=26, 1927.2pt x 1084.05pt>
File: x32_sk_greyscale.png Graphic file (type png)

<use x32_sk_greyscale.png>
Package pdftex.def Info: x32_sk_greyscale.png used on input line 128.
(pdftex.def)             Requested size: 347.12354pt x 195.25291pt.

<nmf-16-greyscale-47-57-KL-nndsvd.png, id=27, 1927.2pt x 1084.05pt>
File: nmf-16-greyscale-47-57-KL-nndsvd.png Graphic file (type png)

<use nmf-16-greyscale-47-57-KL-nndsvd.png>
Package pdftex.def Info: nmf-16-greyscale-47-57-KL-nndsvd.png used on input lin
e 133.
(pdftex.def)             Requested size: 347.12354pt x 195.25291pt.
Missing character: There is no Ã in font cmr9!
Missing character: There is no © in font cmr9!
Missing character: There is no Ã in font cmr9!
Missing character: There is no   in font cmr9!
Missing character: There is no Ã in font cmr9!
Missing character: There is no © in font cmr9!
Missing character: There is no Ã in font cmr9!
Missing character: There is no   in font cmr9!

<nmf-16-greyscale-47-57-KL-random.png, id=28, 1927.2pt x 1084.05pt>
File: nmf-16-greyscale-47-57-KL-random.png Graphic file (type png)

<use nmf-16-greyscale-47-57-KL-random.png>
Package pdftex.def Info: nmf-16-greyscale-47-57-KL-random.png used on input lin
e 138.
(pdftex.def)             Requested size: 347.12354pt x 195.25291pt.
Missing character: There is no Ã in font cmr9!
Missing character: There is no © in font cmr9!
Missing character: There is no Ã in font cmr9!
Missing character: There is no   in font cmr9!
Missing character: There is no Ã in font cmr9!
Missing character: There is no ¨ in font cmr9!
Missing character: There is no Ã in font cmr9!
Missing character: There is no © in font cmr9!
Missing character: There is no Ã in font cmr9!
Missing character: There is no © in font cmr9!
Missing character: There is no Ã in font cmr9!
Missing character: There is no   in font cmr9!
Missing character: There is no Ã in font cmr9!
Missing character: There is no ¨ in font cmr9!
Missing character: There is no Ã in font cmr9!
Missing character: There is no © in font cmr9!

<nmf-16-greyscale-47-57-KL-ica.png, id=29, 1927.2pt x 1084.05pt>
File: nmf-16-greyscale-47-57-KL-ica.png Graphic file (type png)

<use nmf-16-greyscale-47-57-KL-ica.png>
Package pdftex.def Info: nmf-16-greyscale-47-57-KL-ica.png used on input line 1
43.
(pdftex.def)             Requested size: 347.12354pt x 195.25291pt.
Missing character: There is no Ã in font cmr9!
Missing character: There is no © in font cmr9!
Missing character: There is no Ã in font cmr9!
Missing character: There is no   in font cmr9!
Missing character: There is no Ã in font cmr9!
Missing character: There is no © in font cmr9!
Missing character: There is no Ã in font cmr9!
Missing character: There is no   in font cmr9!

<nmf-32-greyscale-56-72-KL-ica.png, id=30, 1927.2pt x 1084.05pt>
File: nmf-32-greyscale-56-72-KL-ica.png Graphic file (type png)

<use nmf-32-greyscale-56-72-KL-ica.png>
Package pdftex.def Info: nmf-32-greyscale-56-72-KL-ica.png used on input line 1
48.
(pdftex.def)             Requested size: 347.12354pt x 195.25291pt.
Missing character: There is no Ã in font cmr9!
Missing character: There is no © in font cmr9!
Missing character: There is no Ã in font cmr9!
Missing character: There is no   in font cmr9!
Missing character: There is no Ã in font cmr9!
Missing character: There is no © in font cmr9!
Missing character: There is no Ã in font cmr9!
Missing character: There is no   in font cmr9!

<nmf-32-greyscale-56-72-KL-random.png, id=31, 1927.2pt x 1084.05pt>
File: nmf-32-greyscale-56-72-KL-random.png Graphic file (type png)

<use nmf-32-greyscale-56-72-KL-random.png>
Package pdftex.def Info: nmf-32-greyscale-56-72-KL-random.png used on input lin
e 153.
(pdftex.def)             Requested size: 347.12354pt x 195.25291pt.
Missing character: There is no Ã in font cmr9!
Missing character: There is no © in font cmr9!
Missing character: There is no Ã in font cmr9!
Missing character: There is no   in font cmr9!
Missing character: There is no Ã in font cmr9!
Missing character: There is no ¨ in font cmr9!
Missing character: There is no Ã in font cmr9!
Missing character: There is no © in font cmr9!
Missing character: There is no Ã in font cmr9!
Missing character: There is no © in font cmr9!
Missing character: There is no Ã in font cmr9!
Missing character: There is no   in font cmr9!
Missing character: There is no Ã in font cmr9!
Missing character: There is no ¨ in font cmr9!
Missing character: There is no Ã in font cmr9!
Missing character: There is no © in font cmr9!

<nmf-32-greyscale-56-72-KL-nndsvd.png, id=32, 1927.2pt x 1084.05pt>
File: nmf-32-greyscale-56-72-KL-nndsvd.png Graphic file (type png)

<use nmf-32-greyscale-56-72-KL-nndsvd.png>
Package pdftex.def Info: nmf-32-greyscale-56-72-KL-nndsvd.png used on input lin
e 158.
(pdftex.def)             Requested size: 347.12354pt x 195.25291pt.
Missing character: There is no Ã in font cmr9!
Missing character: There is no © in font cmr9!
Missing character: There is no Ã in font cmr9!
Missing character: There is no   in font cmr9!
Missing character: There is no Ã in font cmr9!
Missing character: There is no © in font cmr9!
Missing character: There is no Ã in font cmr9!
Missing character: There is no   in font cmr9!

Underfull \vbox (badness 1769) has occurred while \output is active []

 [3]
[4 <./x16_k_greyscale.png (PNG copy)>] [5 <./x32_k_greyscale.png (PNG copy)> <.
/x16_sk_greyscale.png (PNG copy)>] [6 <./x32_sk_greyscale.png (PNG copy)> <./nm
f-16-greyscale-47-57-KL-nndsvd.png (PNG copy)>] [7 <./nmf-16-greyscale-47-57-KL
-random.png (PNG copy)> <./nmf-16-greyscale-47-57-KL-ica.png (PNG copy)>]
[8 <./nmf-32-greyscale-56-72-KL-ica.png (PNG copy)> <./nmf-32-greyscale-56-72-K
L-random.png (PNG copy)>] [9 <./nmf-32-greyscale-56-72-KL-nndsvd.png (PNG copy)
>] (./ter.aux)

LaTeX Warning: There were undefined references.


LaTeX Warning: There were multiply-defined labels.

 ) 
Here is how much of TeX's memory you used:
 1991 strings out of 494902
 28188 string characters out of 6179891
 95089 words of memory out of 5000000
 5277 multiletter control sequences out of 15000+600000
 7802 words of font info for 28 fonts, out of 8000000 for 9000
 36 hyphenation exceptions out of 8191
 39i,9n,25p,1072b,299s stack positions out of 5000i,500n,10000p,200000b,80000s
</usr/share/texlive/texmf-dist/fonts/type1/public/amsfonts/cm/cmbx10.pfb></us
r/share/texlive/texmf-dist/fonts/type1/public/amsfonts/cm/cmbx12.pfb></usr/shar
e/texlive/texmf-dist/fonts/type1/public/amsfonts/cm/cmbx9.pfb></usr/share/texli
ve/texmf-dist/fonts/type1/public/amsfonts/cm/cmex10.pfb></usr/share/texlive/tex
mf-dist/fonts/type1/public/amsfonts/cm/cmmi10.pfb></usr/share/texlive/texmf-dis
t/fonts/type1/public/amsfonts/cm/cmmi7.pfb></usr/share/texlive/texmf-dist/fonts
/type1/public/amsfonts/cm/cmmi9.pfb></usr/share/texlive/texmf-dist/fonts/type1/
public/amsfonts/cm/cmr10.pfb></usr/share/texlive/texmf-dist/fonts/type1/public/
amsfonts/cm/cmr6.pfb></usr/share/texlive/texmf-dist/fonts/type1/public/amsfonts
/cm/cmr7.pfb></usr/share/texlive/texmf-dist/fonts/type1/public/amsfonts/cm/cmr9
.pfb></usr/share/texlive/texmf-dist/fonts/type1/public/amsfonts/cm/cmsy10.pfb><
/usr/share/texlive/texmf-dist/fonts/type1/public/amsfonts/cm/cmsy7.pfb></usr/sh
are/texlive/texmf-dist/fonts/type1/public/amsfonts/cm/cmti10.pfb></usr/share/te
xlive/texmf-dist/fonts/type1/public/amsfonts/cm/cmtt9.pfb>
Output written on ter.pdf (9 pages, 1102434 bytes).
PDF statistics:
 104 PDF objects out of 1000 (max. 8388607)
 67 compressed objects within 1 object stream
 0 named destinations out of 1000 (max. 500000)
 51 words of extra memory for PDF output out of 10000 (max. 10000000)

