\BOOKMARK [1][-]{section.1}{Overview}{}% 1
\BOOKMARK [2][-]{subsection.1.1}{Package features}{section.1}% 2
\BOOKMARK [2][-]{subsection.1.2}{Nonnegative Matrix Factorization}{section.1}% 3
\BOOKMARK [2][-]{subsection.1.3}{Algorithms}{section.1}% 4
\BOOKMARK [2][-]{subsection.1.4}{Initialization: seeding methods}{section.1}% 5
\BOOKMARK [2][-]{subsection.1.5}{How to run NMF algorithms}{section.1}% 6
\BOOKMARK [2][-]{subsection.1.6}{Performances}{section.1}% 7
\BOOKMARK [2][-]{subsection.1.7}{How to cite the package NMF}{section.1}% 8
\BOOKMARK [1][-]{section.2}{Use case: Golub dataset}{}% 9
\BOOKMARK [2][-]{subsection.2.1}{Single run}{section.2}% 10
\BOOKMARK [3][-]{subsubsection.2.1.1}{Performing a single run}{subsection.2.1}% 11
\BOOKMARK [3][-]{subsubsection.2.1.2}{Handling the result}{subsection.2.1}% 12
\BOOKMARK [3][-]{subsubsection.2.1.3}{Extracting metagene-specific features}{subsection.2.1}% 13
\BOOKMARK [2][-]{subsection.2.2}{Specifying the algorithm}{section.2}% 14
\BOOKMARK [3][-]{subsubsection.2.2.1}{Built-in algorithms}{subsection.2.2}% 15
\BOOKMARK [3][-]{subsubsection.2.2.2}{Custom algorithms}{subsection.2.2}% 16
\BOOKMARK [2][-]{subsection.2.3}{Specifying the seeding method}{section.2}% 17
\BOOKMARK [3][-]{subsubsection.2.3.1}{Built-in seeding methods}{subsection.2.3}% 18
\BOOKMARK [3][-]{subsubsection.2.3.2}{Numerical seed}{subsection.2.3}% 19
\BOOKMARK [3][-]{subsubsection.2.3.3}{Fixed factorization}{subsection.2.3}% 20
\BOOKMARK [3][-]{subsubsection.2.3.4}{Custom function}{subsection.2.3}% 21
\BOOKMARK [2][-]{subsection.2.4}{Multiple runs}{section.2}% 22
\BOOKMARK [2][-]{subsection.2.5}{Parallel computations}{section.2}% 23
\BOOKMARK [3][-]{subsubsection.2.5.1}{Memory considerations}{subsection.2.5}% 24
\BOOKMARK [3][-]{subsubsection.2.5.2}{Parallel foreach backends}{subsection.2.5}% 25
\BOOKMARK [3][-]{subsubsection.2.5.3}{Runtime options}{subsection.2.5}% 26
\BOOKMARK [3][-]{subsubsection.2.5.4}{High Performance Computing on a cluster}{subsection.2.5}% 27
\BOOKMARK [3][-]{subsubsection.2.5.5}{Forcing sequential execution}{subsection.2.5}% 28
\BOOKMARK [2][-]{subsection.2.6}{Estimating the factorization rank}{section.2}% 29
\BOOKMARK [3][-]{subsubsection.2.6.1}{Overfitting}{subsection.2.6}% 30
\BOOKMARK [2][-]{subsection.2.7}{Comparing algorithms}{section.2}% 31
\BOOKMARK [2][-]{subsection.2.8}{Visualization methods}{section.2}% 32
\BOOKMARK [1][-]{section.3}{Extending the package}{}% 33
\BOOKMARK [2][-]{subsection.3.1}{Custom algorithm}{section.3}% 34
\BOOKMARK [3][-]{subsubsection.3.1.1}{Using a custom algorithm}{subsection.3.1}% 35
\BOOKMARK [3][-]{subsubsection.3.1.2}{Using a custom distance measure}{subsection.3.1}% 36
\BOOKMARK [3][-]{subsubsection.3.1.3}{Defining algorithms for mixed sign data}{subsection.3.1}% 37
\BOOKMARK [3][-]{subsubsection.3.1.4}{Specifying the NMF model}{subsection.3.1}% 38
\BOOKMARK [2][-]{subsection.3.2}{Custom seeding method}{section.3}% 39
\BOOKMARK [1][-]{section.4}{Advanced usage}{}% 40
\BOOKMARK [2][-]{subsection.4.1}{Package specific options}{section.4}% 41
\BOOKMARK [1][-]{section.5}{Session Info}{}% 42
